COMMAND: /opt/homebrew/opt/python@3.14/bin/python3.14 -m pytest tests/ -v --tb=short
CWD: /Users/genjishimada49/Documents/Enertech/Smart-Surveillance-System
EXIT CODE: 0

STDOUT:
============================= test session starts ==============================
platform darwin -- Python 3.14.2, pytest-9.0.2, pluggy-1.6.0 -- /opt/homebrew/opt/python@3.14/bin/python3.14
cachedir: .pytest_cache
rootdir: /Users/genjishimada49/Documents/Enertech/Smart-Surveillance-System
plugins: langsmith-0.7.25, anyio-4.13.0
collecting ... collected 361 items

tests/test_alerts.py::test_alert_dataclass PASSED                        [  0%]
tests/test_alerts.py::test_alert_to_dict PASSED                          [  0%]
tests/test_alerts.py::test_alert_priority_enum PASSED                    [  0%]
tests/test_alerts.py::test_alert_status_enum PASSED                      [  1%]
tests/test_alerts.py::test_notification_channel_enum PASSED              [  1%]
tests/test_alerts.py::test_build_alert_violent PASSED                    [  1%]
tests/test_alerts.py::test_build_alert_weapon PASSED                     [  1%]
tests/test_alerts.py::test_build_alert_suspicious PASSED                 [  2%]
tests/test_alerts.py::test_build_alert_urgent PASSED                     [  2%]
tests/test_alerts.py::test_build_alert_title_format PASSED               [  2%]
tests/test_alerts.py::test_build_alert_description PASSED                [  3%]
tests/test_alerts.py::test_build_alert_clip_url PASSED                   [  3%]
tests/test_alerts.py::test_ws_notifier_start_stop PASSED                 [  3%]
tests/test_alerts.py::test_ws_notifier_client_connect PASSED             [  3%]
tests/test_alerts.py::test_ws_notifier_send_alert PASSED                 [  4%]
tests/test_alerts.py::test_ws_notifier_broadcast PASSED                  [  4%]
tests/test_alerts.py::test_ws_notifier_client_disconnect PASSED          [  4%]
tests/test_alerts.py::test_ws_notifier_no_clients PASSED                 [  4%]
tests/test_alerts.py::test_ws_notifier_message_format PASSED             [  5%]
tests/test_alerts.py::test_webhook_send_alert_success PASSED             [  5%]
tests/test_alerts.py::test_webhook_hmac_signature PASSED                 [  5%]
tests/test_alerts.py::test_webhook_retry_on_failure PASSED               [  6%]
tests/test_alerts.py::test_webhook_all_retries_exhausted PASSED          [  6%]
tests/test_alerts.py::test_webhook_timeout PASSED                        [  6%]
tests/test_alerts.py::test_webhook_multiple_endpoints PASSED             [  6%]
tests/test_alerts.py::test_webhook_disabled PASSED                       [  7%]
tests/test_alerts.py::test_email_not_configured PASSED                   [  7%]
tests/test_alerts.py::test_email_rate_limit PASSED                       [  7%]
tests/test_alerts.py::test_email_priority_filter PASSED                  [  8%]
tests/test_alerts.py::test_email_template_render PASSED                  [  8%]
tests/test_alerts.py::test_email_send_success PASSED                     [  8%]
tests/test_alerts.py::test_manager_process_alert_event PASSED            [  8%]
tests/test_alerts.py::test_manager_skip_no_alert PASSED                  [  9%]
tests/test_alerts.py::test_manager_rate_limit_per_camera PASSED          [  9%]
tests/test_alerts.py::test_manager_rate_limit_global PASSED              [  9%]
tests/test_alerts.py::test_manager_grouping PASSED                       [  9%]
tests/test_alerts.py::test_manager_grouping_different_camera PASSED      [ 10%]
tests/test_alerts.py::test_manager_acknowledge PASSED                    [ 10%]
tests/test_alerts.py::test_manager_dismiss PASSED                        [ 10%]
tests/test_alerts.py::test_manager_escalation PASSED                     [ 11%]
tests/test_alerts.py::test_manager_escalation_cancelled PASSED           [ 11%]
tests/test_alerts.py::test_manager_get_active_alerts PASSED              [ 11%]
tests/test_alerts.py::test_manager_get_history_filtered PASSED           [ 11%]
tests/test_alerts.py::test_manager_stats PASSED                          [ 12%]
tests/test_alerts.py::test_manager_start_stop PASSED                     [ 12%]
tests/test_alerts.py::test_full_flow_event_to_alert PASSED               [ 12%]
tests/test_alerts.py::test_manager_multiple_channels PASSED              [ 13%]
tests/test_api.py::test_create_camera PASSED                             [ 13%]
tests/test_api.py::test_create_event PASSED                              [ 13%]
tests/test_api.py::test_event_camera_relationship PASSED                 [ 13%]
tests/test_api.py::test_create_alert_record PASSED                       [ 14%]
tests/test_api.py::test_create_user PASSED                               [ 14%]
tests/test_api.py::test_user_unique_username PASSED                      [ 14%]
tests/test_api.py::test_event_repo_create_and_get PASSED                 [ 14%]
tests/test_api.py::test_event_repo_list_paginated PASSED                 [ 15%]
tests/test_api.py::test_event_repo_filter_by_camera PASSED               [ 15%]
tests/test_api.py::test_event_repo_filter_by_category PASSED             [ 15%]
tests/test_api.py::test_event_repo_filter_by_time PASSED                 [ 16%]
tests/test_api.py::test_event_repo_stats PASSED                          [ 16%]
tests/test_api.py::test_event_repo_update_feedback PASSED                [ 16%]
tests/test_api.py::test_camera_repo_crud PASSED                          [ 16%]
tests/test_api.py::test_camera_repo_update_zones PASSED                  [ 17%]
tests/test_api.py::test_alert_repo_create_and_list PASSED                [ 17%]
tests/test_api.py::test_alert_repo_update_status PASSED                  [ 17%]
tests/test_api.py::test_user_repo_authenticate PASSED                    [ 18%]
tests/test_api.py::test_create_access_token PASSED                       [ 18%]
tests/test_api.py::test_verify_valid_token PASSED                        [ 18%]
tests/test_api.py::test_verify_expired_token PASSED                      [ 18%]
tests/test_api.py::test_verify_invalid_token PASSED                      [ 19%]
tests/test_api.py::test_password_hash PASSED                             [ 19%]
tests/test_api.py::test_login_success PASSED                             [ 19%]
tests/test_api.py::test_login_wrong_password PASSED                      [ 19%]
tests/test_api.py::test_cameras_list PASSED                              [ 20%]
tests/test_api.py::test_cameras_create PASSED                            [ 20%]
tests/test_api.py::test_cameras_get PASSED                               [ 20%]
tests/test_api.py::test_cameras_update PASSED                            [ 21%]
tests/test_api.py::test_cameras_delete PASSED                            [ 21%]
tests/test_api.py::test_cameras_zones_update PASSED                      [ 21%]
tests/test_api.py::test_events_list PASSED                               [ 21%]
tests/test_api.py::test_events_list_filtered PASSED                      [ 22%]
tests/test_api.py::test_events_detail PASSED                             [ 22%]
tests/test_api.py::test_events_feedback PASSED                           [ 22%]
tests/test_api.py::test_events_stats PASSED                              [ 22%]
tests/test_api.py::test_alerts_list PASSED                               [ 23%]
tests/test_api.py::test_alerts_active PASSED                             [ 23%]
tests/test_api.py::test_alerts_acknowledge PASSED                        [ 23%]
tests/test_api.py::test_alerts_dismiss PASSED                            [ 24%]
tests/test_api.py::test_clips_list PASSED                                [ 24%]
tests/test_api.py::test_clips_storage_stats PASSED                       [ 24%]
tests/test_api.py::test_system_health PASSED                             [ 24%]
tests/test_api.py::test_users_crud PASSED                                [ 25%]
tests/test_api.py::test_auth_required PASSED                             [ 25%]
tests/test_api.py::test_admin_required PASSED                            [ 25%]
tests/test_api.py::test_cors_headers PASSED                              [ 26%]
tests/test_clip_capture.py::test_clip_request_dataclass PASSED           [ 26%]
tests/test_clip_capture.py::test_clip_metadata_dataclass PASSED          [ 26%]
tests/test_clip_capture.py::test_storage_stats_dataclass PASSED          [ 26%]
tests/test_clip_capture.py::test_rolling_buffer_add_frame PASSED         [ 27%]
tests/test_clip_capture.py::test_rolling_buffer_capacity PASSED          [ 27%]
tests/test_clip_capture.py::test_rolling_buffer_oldest_dropped PASSED    [ 27%]
tests/test_clip_capture.py::test_rolling_buffer_fps_downsampling PASSED  [ 27%]
tests/test_clip_capture.py::test_rolling_buffer_extract_clip PASSED      [ 28%]
tests/test_clip_capture.py::test_rolling_buffer_extract_clip_boundaries PASSED [ 28%]
tests/test_clip_capture.py::test_rolling_buffer_extract_clip_too_old PASSED [ 28%]
tests/test_clip_capture.py::test_rolling_buffer_time_range PASSED        [ 29%]
tests/test_clip_capture.py::test_rolling_buffer_compressed PASSED        [ 29%]
tests/test_clip_capture.py::test_rolling_buffer_compressed_quality PASSED [ 29%]
tests/test_clip_capture.py::test_rolling_buffer_thread_safety PASSED     [ 29%]
tests/test_clip_capture.py::test_rolling_buffer_clear PASSED             [ 30%]
tests/test_clip_capture.py::test_encode_clip_creates_file PASSED         [ 30%]
tests/test_clip_capture.py::test_encode_clip_metadata PASSED             [ 30%]
tests/test_clip_capture.py::test_encode_clip_playable PASSED             [ 31%]
tests/test_clip_capture.py::test_encode_clip_directory_creation PASSED   [ 31%]
tests/test_clip_capture.py::test_encode_clip_empty_frames PASSED         [ 31%]
tests/test_clip_capture.py::test_encode_clip_naming PASSED               [ 31%]
tests/test_clip_capture.py::test_service_register_camera PASSED          [ 32%]
tests/test_clip_capture.py::test_service_unregister_camera PASSED        [ 32%]
tests/test_clip_capture.py::test_service_feed_frame PASSED               [ 32%]
tests/test_clip_capture.py::test_service_feed_frame_unregistered PASSED  [ 32%]
tests/test_clip_capture.py::test_service_request_and_process_clip PASSED [ 33%]
tests/test_clip_capture.py::test_service_clip_delay PASSED               [ 33%]
tests/test_clip_capture.py::test_service_clip_too_old PASSED             [ 33%]
tests/test_clip_capture.py::test_service_multiple_cameras PASSED         [ 34%]
tests/test_clip_capture.py::test_service_get_clip_metadata PASSED        [ 34%]
tests/test_clip_capture.py::test_service_get_all_clips PASSED            [ 34%]
tests/test_clip_capture.py::test_service_get_all_clips_filtered PASSED   [ 34%]
tests/test_clip_capture.py::test_service_storage_stats PASSED            [ 35%]
tests/test_clip_capture.py::test_retention_deletes_old_clips PASSED      [ 35%]
tests/test_clip_capture.py::test_retention_keeps_recent_clips PASSED     [ 35%]
tests/test_clip_capture.py::test_retention_file_cleanup PASSED           [ 36%]
tests/test_clip_capture.py::test_alert_integration_creates_clip_request PASSED [ 36%]
tests/test_clip_capture.py::test_alert_integration_no_clip_for_no_alert PASSED [ 36%]
tests/test_clip_capture.py::test_alert_integration_escalated_priority PASSED [ 36%]
tests/test_clip_capture.py::test_full_pipeline_to_clip PASSED            [ 37%]
tests/test_detection.py::TestConfig::test_config_loads PASSED            [ 37%]
tests/test_detection.py::TestConfig::test_detection_section_present PASSED [ 37%]
tests/test_detection.py::TestConfig::test_model_path_configured PASSED   [ 37%]
tests/test_detection.py::TestConfig::test_confidence_threshold_range PASSED [ 38%]
tests/test_detection.py::TestConfig::test_iou_threshold_range PASSED     [ 38%]
tests/test_detection.py::TestConfig::test_model_file_exists_on_disk PASSED [ 38%]
tests/test_detection.py::TestFramePreprocessor::test_output_shape_matches_input_size PASSED [ 39%]
tests/test_detection.py::TestFramePreprocessor::test_output_shape_smaller_size PASSED [ 39%]
tests/test_detection.py::TestFramePreprocessor::test_meta_contains_four_values PASSED [ 39%]
tests/test_detection.py::TestFramePreprocessor::test_scale_is_positive PASSED [ 39%]
tests/test_detection.py::TestFramePreprocessor::test_empty_frame_raises PASSED [ 40%]
tests/test_detection.py::TestFramePreprocessor::test_wrong_channels_raises PASSED [ 40%]
tests/test_detection.py::TestFramePreprocessor::test_batch_returns_correct_count PASSED [ 40%]
tests/test_detection.py::TestFramePreprocessor::test_unscale_bbox_roundtrip PASSED [ 40%]
tests/test_detection.py::TestDetectionDataclasses::test_detection_fields PASSED [ 41%]
tests/test_detection.py::TestDetectionDataclasses::test_detection_result_empty PASSED [ 41%]
tests/test_detection.py::TestDetectionDataclasses::test_detection_result_person_filter PASSED [ 41%]
tests/test_detection.py::TestYOLODetector::test_detector_loads PASSED    [ 42%]
tests/test_detection.py::TestYOLODetector::test_detect_returns_detection_result PASSED [ 42%]
tests/test_detection.py::TestYOLODetector::test_detect_blank_frame_no_crash PASSED [ 42%]
tests/test_detection.py::TestYOLODetector::test_detect_batch_returns_list PASSED [ 42%]
tests/test_detection.py::TestYOLODetector::test_detect_batch_empty_list PASSED [ 43%]
tests/test_detection.py::TestYOLODetector::test_detect_single_frame_result_has_frame_idx PASSED [ 43%]
tests/test_detection.py::TestYOLODetector::test_detect_batch_frame_indices_correct PASSED [ 43%]
tests/test_detection.py::TestYOLODetector::test_inference_time_non_negative PASSED [ 44%]
tests/test_detection.py::TestYOLODetector::test_all_detections_within_target_classes PASSED [ 44%]
tests/test_detection.py::TestYOLODetector::test_confidence_above_threshold PASSED [ 44%]
tests/test_detection.py::TestDetectionPipeline::test_pipeline_initialises PASSED [ 44%]
tests/test_detection.py::TestDetectionPipeline::test_process_frame_returns_result PASSED [ 45%]
tests/test_detection.py::TestDetectionPipeline::test_process_frame_with_idx PASSED [ 45%]
tests/test_detection.py::TestDetectionPipeline::test_process_batch_returns_list PASSED [ 45%]
tests/test_detection.py::TestDetectionPipeline::test_process_batch_empty PASSED [ 45%]
tests/test_detection.py::TestDetectionPipeline::test_process_batch_order_preserved PASSED [ 46%]
tests/test_ingestion.py::test_ingestion_placeholder PASSED               [ 46%]
tests/test_model_api.py::test_list_models_empty PASSED                   [ 46%]
tests/test_model_api.py::test_register_model PASSED                      [ 47%]
tests/test_model_api.py::test_get_model PASSED                           [ 47%]
tests/test_model_api.py::test_get_model_not_found PASSED                 [ 47%]
tests/test_model_api.py::test_activate_and_get_active PASSED             [ 47%]
tests/test_model_api.py::test_retire_model PASSED                        [ 48%]
tests/test_model_api.py::test_delete_model PASSED                        [ 48%]
tests/test_model_api.py::test_status PASSED                              [ 48%]
tests/test_model_management.py::TestModelRegistry::test_register_and_get PASSED [ 49%]
tests/test_model_management.py::TestModelRegistry::test_register_duplicate_raises PASSED [ 49%]
tests/test_model_management.py::TestModelRegistry::test_activate_retires_previous PASSED [ 49%]
tests/test_model_management.py::TestModelRegistry::test_get_active PASSED [ 49%]
tests/test_model_management.py::TestModelRegistry::test_list_filters PASSED [ 50%]
tests/test_model_management.py::TestModelRegistry::test_delete PASSED    [ 50%]
tests/test_model_management.py::TestModelRegistry::test_persistence_round_trip PASSED [ 50%]
tests/test_model_management.py::TestModelManager::test_load_active_returns_stub_when_file_missing PASSED [ 50%]
tests/test_model_management.py::TestModelManager::test_swap_to_model PASSED [ 51%]
tests/test_model_management.py::TestModelManager::test_swap_unknown_model_returns_failure PASSED [ 51%]
tests/test_model_management.py::TestModelManager::test_rollback PASSED   [ 51%]
tests/test_model_management.py::TestModelManager::test_rollback_with_no_history_returns_none PASSED [ 52%]
tests/test_model_management.py::TestModelManager::test_get_status PASSED [ 52%]
tests/test_model_management.py::TestAutoRegister::test_auto_register_skips_existing PASSED [ 52%]
tests/test_model_management.py::TestAutoRegister::test_auto_register_finds_new_files PASSED [ 52%]
tests/test_model_management.py::TestModelVersionSerialization::test_to_dict_and_from_dict PASSED [ 53%]
tests/test_model_management.py::TestModelVersionSerialization::test_swap_result_to_dict PASSED [ 53%]
tests/test_pose.py::test_keypoint_dataclass PASSED                       [ 53%]
tests/test_pose.py::test_keypoint_is_visible_above_threshold PASSED      [ 54%]
tests/test_pose.py::test_keypoint_is_not_visible_below_threshold PASSED  [ 54%]
tests/test_pose.py::test_keypoint_as_array PASSED                        [ 54%]
tests/test_pose.py::test_pose_result_dataclass PASSED                    [ 54%]
tests/test_pose.py::test_pose_result_requires_17_keypoints PASSED        [ 55%]
tests/test_pose.py::test_pose_result_visible_keypoint_count PASSED       [ 55%]
tests/test_pose.py::test_pose_result_keypoints_as_array PASSED           [ 55%]
tests/test_pose.py::test_coco_keypoint_names_count PASSED                [ 55%]
tests/test_pose.py::test_coco_keypoint_names_order PASSED                [ 56%]
tests/test_pose.py::test_coco_skeleton_connections_valid_indices PASSED  [ 56%]
tests/test_pose.py::test_coco_skeleton_is_not_empty PASSED               [ 56%]
tests/test_pose.py::test_pose_estimator_init PASSED                      [ 57%]
tests/test_pose.py::test_pose_estimator_model_info PASSED                [ 57%]
tests/test_pose.py::test_pose_estimator_single_frame_output_structure PASSED [ 57%]
tests/test_pose.py::test_pose_estimator_empty_frame_returns_empty PASSED [ 57%]
tests/test_pose.py::test_pose_estimator_blank_frame_no_crash PASSED      [ 58%]
tests/test_pose.py::test_pose_estimator_batch_returns_dict PASSED        [ 58%]
tests/test_pose.py::test_pose_estimator_batch_same_camera_accumulates PASSED [ 58%]
tests/test_pose.py::test_pose_estimator_keypoint_count PASSED            [ 59%]
tests/test_pose.py::test_pose_estimator_bbox_coords_within_frame PASSED  [ 59%]
tests/test_pose.py::test_single_pass_mode_enabled PASSED                 [ 59%]
tests/test_pose.py::test_single_pass_mode_disabled_no_person_dets PASSED [ 59%]
tests/test_pose.py::test_combined_pipeline_flow PASSED                   [ 60%]
tests/test_pose.py::test_combined_pipeline_stats PASSED                  [ 60%]
tests/test_pose.py::test_visualization_detections PASSED                 [ 60%]
tests/test_pose.py::test_visualization_detections_does_not_mutate_original PASSED [ 60%]
tests/test_pose.py::test_visualization_poses PASSED                      [ 61%]
tests/test_pose.py::test_visualization_poses_no_skeleton PASSED          [ 61%]
tests/test_pose.py::test_visualization_combined PASSED                   [ 61%]
tests/test_recognition.py::test_action_category_enum PASSED              [ 62%]
tests/test_recognition.py::test_action_label_enum PASSED                 [ 62%]
tests/test_recognition.py::test_label_to_category_mapping PASSED         [ 62%]
tests/test_recognition.py::test_action_prediction_dataclass PASSED       [ 62%]
tests/test_recognition.py::test_sliding_window_single_track PASSED       [ 63%]
tests/test_recognition.py::test_sliding_window_stride PASSED             [ 63%]
tests/test_recognition.py::test_sliding_window_overlap PASSED            [ 63%]
tests/test_recognition.py::test_sliding_window_quality_filter PASSED     [ 63%]
tests/test_recognition.py::test_sliding_window_multiple_tracks PASSED    [ 64%]
tests/test_recognition.py::test_sliding_window_track_removal PASSED      [ 64%]
tests/test_recognition.py::test_sliding_window_insufficient_frames PASSED [ 64%]
tests/test_recognition.py::test_keypoint_preprocessor_normalize PASSED   [ 65%]
tests/test_recognition.py::test_keypoint_preprocessor_scale PASSED       [ 65%]
tests/test_recognition.py::test_keypoint_preprocessor_missing_keypoints PASSED [ 65%]
tests/test_recognition.py::test_keypoint_preprocessor_output_shape PASSED [ 65%]
tests/test_recognition.py::test_lstm_model_forward PASSED                [ 66%]
tests/test_recognition.py::test_lstm_model_attention PASSED              [ 66%]
tests/test_recognition.py::test_lstm_model_output_range PASSED           [ 66%]
tests/test_recognition.py::test_classifier_load_dummy PASSED             [ 67%]
tests/test_recognition.py::test_classifier_classify_single PASSED        [ 67%]
tests/test_recognition.py::test_classifier_classify_batch PASSED         [ 67%]
tests/test_recognition.py::test_classifier_confidence_threshold PASSED   [ 67%]
tests/test_recognition.py::test_classifier_missing_model_file PASSED     [ 68%]
tests/test_recognition.py::test_recognition_pipeline_integration PASSED  [ 68%]
tests/test_recognition.py::test_recognition_pipeline_no_ready_windows PASSED [ 68%]
tests/test_recognition.py::test_recognition_pipeline_stats PASSED        [ 68%]
tests/test_recognition.py::test_dummy_dataset_creation PASSED            [ 69%]
tests/test_recognition.py::test_training_script_runs PASSED              [ 69%]
tests/test_scoring.py::test_scoring_config_defaults PASSED               [ 69%]
tests/test_scoring.py::test_scored_event_dataclass PASSED                [ 70%]
tests/test_scoring.py::test_scoring_signal_dataclass PASSED              [ 70%]
tests/test_scoring.py::test_alert_decision_enum PASSED                   [ 70%]
tests/test_scoring.py::test_action_signal_violent PASSED                 [ 70%]
tests/test_scoring.py::test_action_signal_suspicious PASSED              [ 71%]
tests/test_scoring.py::test_action_signal_urgent PASSED                  [ 71%]
tests/test_scoring.py::test_action_signal_normal PASSED                  [ 71%]
tests/test_scoring.py::test_zone_signal_no_entry PASSED                  [ 72%]
tests/test_scoring.py::test_zone_signal_loitering PASSED                 [ 72%]
tests/test_scoring.py::test_zone_signal_intrusion PASSED                 [ 72%]
tests/test_scoring.py::test_time_signal_high_risk PASSED                 [ 72%]
tests/test_scoring.py::test_time_signal_low_risk PASSED                  [ 73%]
tests/test_scoring.py::test_score_violent_action_only PASSED             [ 73%]
tests/test_scoring.py::test_score_action_plus_zone PASSED                [ 73%]
tests/test_scoring.py::test_score_weapon_instant PASSED                  [ 73%]
tests/test_scoring.py::test_score_clamped PASSED                         [ 74%]
tests/test_scoring.py::test_score_all_signals PASSED                     [ 74%]
tests/test_scoring.py::test_score_normal_activity PASSED                 [ 74%]
tests/test_scoring.py::test_hysteresis_first_high PASSED                 [ 75%]
tests/test_scoring.py::test_hysteresis_second_high PASSED                [ 75%]
tests/test_scoring.py::test_hysteresis_reset PASSED                      [ 75%]
tests/test_scoring.py::test_hysteresis_weapon_bypass PASSED              [ 75%]
tests/test_scoring.py::test_cooldown_first_alert PASSED                  [ 76%]
tests/test_scoring.py::test_cooldown_suppressed PASSED                   [ 76%]
tests/test_scoring.py::test_cooldown_expired PASSED                      [ 76%]
tests/test_scoring.py::test_cooldown_different_track PASSED              [ 77%]
tests/test_scoring.py::test_cooldown_escalation_bypass PASSED            [ 77%]
tests/test_scoring.py::test_camera_override_threshold PASSED             [ 77%]
tests/test_scoring.py::test_camera_override_weights PASSED               [ 77%]
tests/test_scoring.py::test_camera_fallback_global PASSED                [ 78%]
tests/test_scoring.py::test_decision_no_alert PASSED                     [ 78%]
tests/test_scoring.py::test_decision_alert PASSED                        [ 78%]
tests/test_scoring.py::test_decision_escalated PASSED                    [ 78%]
tests/test_scoring.py::test_decision_suppressed_cooldown PASSED          [ 79%]
tests/test_scoring.py::test_decision_suppressed_hysteresis PASSED        [ 79%]
tests/test_scoring.py::test_stale_track_cleanup PASSED                   [ 79%]
tests/test_scoring.py::test_reset_state_global PASSED                    [ 80%]
tests/test_scoring.py::test_reset_state_per_camera PASSED                [ 80%]
tests/test_scoring.py::test_abandoned_object_scoring PASSED              [ 80%]
tests/test_scoring.py::test_crowd_limit_scoring PASSED                   [ 80%]
tests/test_scoring.py::test_scoring_pipeline_full_flow PASSED            [ 81%]
tests/test_scoring.py::test_scoring_pipeline_no_events PASSED            [ 81%]
tests/test_scoring.py::test_scoring_pipeline_weapon_alert PASSED         [ 81%]
tests/test_scoring.py::test_scoring_pipeline_stats PASSED                [ 81%]
tests/test_scoring.py::test_empty_inputs PASSED                          [ 82%]
tests/test_scoring.py::test_multiple_tracks_same_frame PASSED            [ 82%]
tests/test_scoring.py::test_simultaneous_action_and_zone PASSED          [ 82%]
tests/test_tracker.py::test_track_dataclass PASSED                       [ 83%]
tests/test_tracker.py::test_kalman_predict PASSED                        [ 83%]
tests/test_tracker.py::test_kalman_predict_returns_float_array PASSED    [ 83%]
tests/test_tracker.py::test_kalman_update_converges PASSED               [ 83%]
tests/test_tracker.py::test_iou_identical_boxes PASSED                   [ 84%]
tests/test_tracker.py::test_iou_no_overlap PASSED                        [ 84%]
tests/test_tracker.py::test_iou_partial_overlap PASSED                   [ 84%]
tests/test_tracker.py::test_iou_matrix_shape PASSED                      [ 85%]
tests/test_tracker.py::test_iou_matrix_diagonal_self PASSED              [ 85%]
tests/test_tracker.py::test_linear_assignment_known_matrix PASSED        [ 85%]
tests/test_tracker.py::test_linear_assignment_empty PASSED               [ 85%]
tests/test_tracker.py::test_linear_assignment_more_detections PASSED     [ 86%]
tests/test_tracker.py::test_tracker_single_detection PASSED              [ 86%]
tests/test_tracker.py::test_tracker_consistent_id PASSED                 [ 86%]
tests/test_tracker.py::test_tracker_two_persons PASSED                   [ 86%]
tests/test_tracker.py::test_tracker_track_loss PASSED                    [ 87%]
tests/test_tracker.py::test_tracker_track_removal PASSED                 [ 87%]
tests/test_tracker.py::test_tracker_reappearance PASSED                  [ 87%]
tests/test_tracker.py::test_tracker_keypoint_history PASSED              [ 88%]
tests/test_tracker.py::test_tracker_keypoint_sequence_extraction PASSED  [ 88%]
tests/test_tracker.py::test_tracker_keypoint_sequence_insufficient PASSED [ 88%]
tests/test_tracker.py::test_tracker_history_maxlen PASSED                [ 88%]
tests/test_tracker.py::test_tracker_stats PASSED                         [ 89%]
tests/test_tracker.py::test_tracker_reset PASSED                         [ 89%]
tests/test_tracker.py::test_pipeline_with_tracker PASSED                 [ 89%]
tests/test_tracker.py::test_track_visualization PASSED                   [ 90%]
tests/test_tracker.py::test_draw_tracked_frame_valid_image PASSED        [ 90%]
tests/test_zone_engine.py::test_zone_dataclass PASSED                    [ 90%]
tests/test_zone_engine.py::test_rule_dataclass PASSED                    [ 90%]
tests/test_zone_engine.py::test_zone_violation_dataclass PASSED          [ 91%]
tests/test_zone_engine.py::test_zone_type_enum PASSED                    [ 91%]
tests/test_zone_engine.py::test_rule_type_enum PASSED                    [ 91%]
tests/test_zone_engine.py::test_zone_manager_add PASSED                  [ 91%]
tests/test_zone_engine.py::test_zone_manager_remove PASSED               [ 92%]
tests/test_zone_engine.py::test_zone_manager_update PASSED               [ 92%]
tests/test_zone_engine.py::test_zone_manager_camera_filter PASSED        [ 92%]
tests/test_zone_engine.py::test_zone_manager_load_config PASSED          [ 93%]
tests/test_zone_engine.py::test_zone_schedule_active PASSED              [ 93%]
tests/test_zone_engine.py::test_zone_schedule_inactive PASSED            [ 93%]
tests/test_zone_engine.py::test_zone_schedule_overnight PASSED           [ 93%]
tests/test_zone_engine.py::test_zone_schedule_day_filter PASSED          [ 94%]
tests/test_zone_engine.py::test_point_in_zone_inside PASSED              [ 94%]
tests/test_zone_engine.py::test_point_in_zone_outside PASSED             [ 94%]
tests/test_zone_engine.py::test_point_in_zone_on_edge PASSED             [ 95%]
tests/test_zone_engine.py::test_point_in_zone_complex_polygon PASSED     [ 95%]
tests/test_zone_engine.py::test_person_position_bottom_center PASSED     [ 95%]
tests/test_zone_engine.py::test_person_position_centroid PASSED          [ 95%]
tests/test_zone_engine.py::test_no_entry_violation PASSED                [ 96%]
tests/test_zone_engine.py::test_no_entry_inactive_schedule PASSED        [ 96%]
tests/test_zone_engine.py::test_no_entry_cooldown PASSED                 [ 96%]
tests/test_zone_engine.py::test_loitering_under_threshold PASSED         [ 96%]
tests/test_zone_engine.py::test_loitering_over_threshold PASSED          [ 97%]
tests/test_zone_engine.py::test_loitering_person_leaves PASSED           [ 97%]
tests/test_zone_engine.py::test_intrusion_triggers_once PASSED           [ 97%]
tests/test_zone_engine.py::test_intrusion_reentry PASSED                 [ 98%]
tests/test_zone_engine.py::test_crowd_limit_under PASSED                 [ 98%]
tests/test_zone_engine.py::test_crowd_limit_over PASSED                  [ 98%]
tests/test_zone_engine.py::test_multiple_zones_same_camera PASSED        [ 98%]
tests/test_zone_engine.py::test_multiple_tracks_same_zone PASSED         [ 99%]
tests/test_zone_engine.py::test_zone_engine_with_tracked_analysis PASSED [ 99%]
tests/test_zone_engine.py::test_zone_visualization PASSED                [ 99%]
tests/test_zone_engine.py::test_state_cleanup_on_track_removal PASSED    [100%]

=============================== warnings summary ===============================
tests/test_alerts.py: 10 warnings
  /opt/homebrew/lib/python3.14/site-packages/_pytest/threadexception.py:58: PytestUnhandledThreadExceptionWarning: Exception in thread ws-notifier
  
  Traceback (most recent call last):
    File "/opt/homebrew/Cellar/python@3.14/3.14.2_1/Frameworks/Python.framework/Versions/3.14/lib/python3.14/threading.py", line 1082, in _bootstrap_inner
      self._context.run(self.run)
      ~~~~~~~~~~~~~~~~~^^^^^^^^^^
    File "/opt/homebrew/Cellar/python@3.14/3.14.2_1/Frameworks/Python.framework/Versions/3.14/lib/python3.14/threading.py", line 1024, in run
      self._target(*self._args, **self._kwargs)
      ~~~~~~~~~~~~^^^^^^^^^^^^^^^^^^^^^^^^^^^^^
    File "/Users/genjishimada49/Documents/Enertech/Smart-Surveillance-System/src/alerts/notifiers/websocket_notifier.py", line 213, in _run_loop
      self._loop.run_until_complete(self._serve())
      ~~~~~~~~~~~~~~~~~~~~~~~~~~~~~^^^^^^^^^^^^^^^
    File "/opt/homebrew/Cellar/python@3.14/3.14.2_1/Frameworks/Python.framework/Versions/3.14/lib/python3.14/asyncio/base_events.py", line 717, in run_until_complete
      raise RuntimeError('Event loop stopped before Future completed.')
  RuntimeError: Event loop stopped before Future completed.
  
  Enable tracemalloc to get traceback where the object was allocated.
  See https://docs.pytest.org/en/stable/how-to/capture-warnings.html#resource-warnings for more info.
    warnings.warn(pytest.PytestUnhandledThreadExceptionWarning(msg))

tests/test_api.py::test_events_list_filtered
  /opt/homebrew/lib/python3.14/site-packages/_pytest/stash.py:108: RuntimeWarning: coroutine 'Server._close' was never awaited
    del self._storage[key]
  Enable tracemalloc to get traceback where the object was allocated.
  See https://docs.pytest.org/en/stable/how-to/capture-warnings.html#resource-warnings for more info.

-- Docs: https://docs.pytest.org/en/stable/how-to/capture-warnings.html
====================== 361 passed, 11 warnings in 37.99s =======================


STDERR:
